0 info it worked if it ends with ok
1 verbose cli [
1 verbose cli   'C:\\Program Files\\nodejs\\node.exe',
1 verbose cli   'C:\\Users\\seksa\\AppData\\Roaming\\npm\\node_modules\\npm\\bin\\npm-cli.js',
1 verbose cli   'install',
1 verbose cli   '-g',
1 verbose cli   'node-gyp'
1 verbose cli ]
2 info using npm@4.0.0
3 info using node@v20.14.0
4 silly loadCurrentTree Starting
5 silly install loadCurrentTree
6 silly install readGlobalPackageData
7 silly fetchPackageMetaData node-gyp
8 silly fetchNamedPackageData node-gyp
9 silly mapToRegistry name node-gyp
10 silly mapToRegistry using default registry
11 silly mapToRegistry registry https://registry.npmjs.org/
12 silly mapToRegistry data Result {
12 silly mapToRegistry   raw: 'node-gyp',
12 silly mapToRegistry   scope: null,
12 silly mapToRegistry   escapedName: 'node-gyp',
12 silly mapToRegistry   name: 'node-gyp',
12 silly mapToRegistry   rawSpec: '',
12 silly mapToRegistry   spec: 'latest',
12 silly mapToRegistry   type: 'tag'
12 silly mapToRegistry }
13 silly mapToRegistry uri https://registry.npmjs.org/node-gyp
14 verbose request uri https://registry.npmjs.org/node-gyp
15 verbose request no auth needed
16 info attempt registry request try #1 at 12:37:28 AM
17 verbose request id 42578d469b50a1dc
18 http request GET https://registry.npmjs.org/node-gyp
19 http 200 https://registry.npmjs.org/node-gyp
20 verbose headers {
20 verbose headers   date: 'Sat, 01 Jun 2024 17:37:28 GMT',
20 verbose headers   'content-type': 'application/json',
20 verbose headers   'transfer-encoding': 'chunked',
20 verbose headers   connection: 'keep-alive',
20 verbose headers   'cf-ray': '88d0f8c84cc337d5-BKK',
20 verbose headers   'cf-cache-status': 'HIT',
20 verbose headers   'access-control-allow-origin': '*',
20 verbose headers   'cache-control': 'public, max-age=300',
20 verbose headers   etag: 'W/"71c19cd756e3b13f3ad858ba4421d9a1"',
20 verbose headers   'last-modified': 'Mon, 25 Mar 2024 18:06:48 GMT',
20 verbose headers   vary: 'accept-encoding, accept',
20 verbose headers   server: 'cloudflare',
20 verbose headers   'content-encoding': 'gzip'
20 verbose headers }
21 silly get cb [
21 silly get   200,
21 silly get   {
21 silly get     date: 'Sat, 01 Jun 2024 17:37:28 GMT',
21 silly get     'content-type': 'application/json',
21 silly get     'transfer-encoding': 'chunked',
21 silly get     connection: 'keep-alive',
21 silly get     'cf-ray': '88d0f8c84cc337d5-BKK',
21 silly get     'cf-cache-status': 'HIT',
21 silly get     'access-control-allow-origin': '*',
21 silly get     'cache-control': 'public, max-age=300',
21 silly get     etag: 'W/"71c19cd756e3b13f3ad858ba4421d9a1"',
21 silly get     'last-modified': 'Mon, 25 Mar 2024 18:06:48 GMT',
21 silly get     vary: 'accept-encoding, accept',
21 silly get     server: 'cloudflare',
21 silly get     'content-encoding': 'gzip'
21 silly get   }
21 silly get ]
22 verbose get saving node-gyp to C:\Users\seksa\AppData\Roaming\npm-cache\registry.npmjs.org\node-gyp\.cache.json
23 verbose correctMkdir C:\Users\seksa\AppData\Roaming\npm-cache correctMkdir not in flight; initializing
24 verbose stack TypeError: cb.apply is not a function
24 verbose stack     at C:\Users\seksa\AppData\Roaming\npm\node_modules\npm\node_modules\graceful-fs\polyfills.js:267:18
24 verbose stack     at FSReqCallback.oncomplete (node:fs:198:5)
25 verbose cwd C:\Users\seksa\Documents\GitHub\Books
26 error Windows_NT 10.0.22631
27 error argv "C:\\Program Files\\nodejs\\node.exe" "C:\\Users\\seksa\\AppData\\Roaming\\npm\\node_modules\\npm\\bin\\npm-cli.js" "install" "-g" "node-gyp"
28 error node v20.14.0
29 error npm  v4.0.0
30 error cb.apply is not a function
31 error If you need help, you may report this error at:
31 error     <https://github.com/npm/npm/issues>
32 verbose exit [ 1, true ]
